{"/home/obos/Desktop/Track-D-Truck/server/services/dataOptimation/controllers/Users.js": {"path":"/home/obos/Desktop/Track-D-Truck/server/services/dataOptimation/controllers/Users.js","statementMap":{"0":{"start":{"line":1,"column":17},"end":{"line":1,"column":37}},"1":{"start":{"line":2,"column":22},"end":{"line":2,"column":50}},"2":{"start":{"line":3,"column":17},"end":{"line":3,"column":42}},"3":{"start":{"line":4,"column":19},"end":{"line":4,"column":40}},"4":{"start":{"line":6,"column":20},"end":{"line":13,"column":2}},"5":{"start":{"line":18,"column":8},"end":{"line":24,"column":10}},"6":{"start":{"line":20,"column":12},"end":{"line":20,"column":40}},"7":{"start":{"line":23,"column":12},"end":{"line":23,"column":21}},"8":{"start":{"line":28,"column":24},"end":{"line":35,"column":9}},"9":{"start":{"line":36,"column":8},"end":{"line":56,"column":10}},"10":{"start":{"line":38,"column":30},"end":{"line":40,"column":13}},"11":{"start":{"line":41,"column":30},"end":{"line":46,"column":13}},"12":{"start":{"line":48,"column":12},"end":{"line":51,"column":10}},"13":{"start":{"line":50,"column":12},"end":{"line":50,"column":40}},"14":{"start":{"line":54,"column":12},"end":{"line":54,"column":28}},"15":{"start":{"line":55,"column":12},"end":{"line":55,"column":21}},"16":{"start":{"line":60,"column":34},"end":{"line":60,"column":42}},"17":{"start":{"line":61,"column":22},"end":{"line":65,"column":9}},"18":{"start":{"line":67,"column":8},"end":{"line":80,"column":10}},"19":{"start":{"line":69,"column":12},"end":{"line":75,"column":13}},"20":{"start":{"line":70,"column":47},"end":{"line":70,"column":53}},"21":{"start":{"line":71,"column":35},"end":{"line":71,"column":60}},"22":{"start":{"line":72,"column":16},"end":{"line":72,"column":76}},"23":{"start":{"line":74,"column":16},"end":{"line":74,"column":27}},"24":{"start":{"line":78,"column":13},"end":{"line":78,"column":29}},"25":{"start":{"line":79,"column":12},"end":{"line":79,"column":21}},"26":{"start":{"line":84,"column":0},"end":{"line":84,"column":33}}},"fnMap":{"0":{"name":"(anonymous_0)","decl":{"start":{"line":17,"column":4},"end":{"line":17,"column":5}},"loc":{"start":{"line":17,"column":32},"end":{"line":25,"column":5}},"line":17},"1":{"name":"(anonymous_1)","decl":{"start":{"line":19,"column":14},"end":{"line":19,"column":15}},"loc":{"start":{"line":19,"column":24},"end":{"line":21,"column":9}},"line":19},"2":{"name":"(anonymous_2)","decl":{"start":{"line":22,"column":15},"end":{"line":22,"column":16}},"loc":{"start":{"line":22,"column":22},"end":{"line":24,"column":9}},"line":22},"3":{"name":"(anonymous_3)","decl":{"start":{"line":27,"column":4},"end":{"line":27,"column":5}},"loc":{"start":{"line":27,"column":36},"end":{"line":57,"column":5}},"line":27},"4":{"name":"(anonymous_4)","decl":{"start":{"line":37,"column":14},"end":{"line":37,"column":15}},"loc":{"start":{"line":37,"column":24},"end":{"line":52,"column":9}},"line":37},"5":{"name":"(anonymous_5)","decl":{"start":{"line":49,"column":18},"end":{"line":49,"column":19}},"loc":{"start":{"line":49,"column":25},"end":{"line":51,"column":9}},"line":49},"6":{"name":"(anonymous_6)","decl":{"start":{"line":53,"column":15},"end":{"line":53,"column":16}},"loc":{"start":{"line":53,"column":22},"end":{"line":56,"column":9}},"line":53},"7":{"name":"(anonymous_7)","decl":{"start":{"line":59,"column":4},"end":{"line":59,"column":5}},"loc":{"start":{"line":59,"column":33},"end":{"line":81,"column":5}},"line":59},"8":{"name":"(anonymous_8)","decl":{"start":{"line":68,"column":14},"end":{"line":68,"column":15}},"loc":{"start":{"line":68,"column":24},"end":{"line":76,"column":9}},"line":68},"9":{"name":"(anonymous_9)","decl":{"start":{"line":77,"column":15},"end":{"line":77,"column":16}},"loc":{"start":{"line":77,"column":22},"end":{"line":80,"column":9}},"line":77}},"branchMap":{"0":{"loc":{"start":{"line":33,"column":17},"end":{"line":33,"column":42}},"type":"binary-expr","locations":[{"start":{"line":33,"column":17},"end":{"line":33,"column":30}},{"start":{"line":33,"column":34},"end":{"line":33,"column":42}}],"line":33},"1":{"loc":{"start":{"line":69,"column":12},"end":{"line":75,"column":13}},"type":"if","locations":[{"start":{"line":69,"column":12},"end":{"line":75,"column":13}},{"start":{"line":69,"column":12},"end":{"line":75,"column":13}}],"line":69},"2":{"loc":{"start":{"line":69,"column":16},"end":{"line":69,"column":64}},"type":"binary-expr","locations":[{"start":{"line":69,"column":16},"end":{"line":69,"column":22}},{"start":{"line":69,"column":26},"end":{"line":69,"column":64}}],"line":69}},"s":{"0":1,"1":1,"2":1,"3":1,"4":1,"5":0,"6":0,"7":0,"8":2,"9":2,"10":1,"11":1,"12":1,"13":0,"14":1,"15":1,"16":2,"17":2,"18":2,"19":2,"20":1,"21":1,"22":1,"23":1,"24":1,"25":1,"26":1},"f":{"0":0,"1":0,"2":0,"3":2,"4":1,"5":0,"6":1,"7":2,"8":2,"9":1},"b":{"0":[2,1],"1":[1,1],"2":[2,1]},"_coverageSchema":"1a1c01bbd47fc00a2c39e90264f33305004495a9","hash":"f35b6c0df53ea6de92891fb32a3a717a60bde8a3"}
,"/home/obos/Desktop/Track-D-Truck/server/services/dataOptimation/helpers/bcrypt.js": {"path":"/home/obos/Desktop/Track-D-Truck/server/services/dataOptimation/helpers/bcrypt.js","statementMap":{"0":{"start":{"line":1,"column":15},"end":{"line":1,"column":32}},"1":{"start":{"line":2,"column":19},"end":{"line":2,"column":21}},"2":{"start":{"line":4,"column":17},"end":{"line":8,"column":1}},"3":{"start":{"line":5,"column":17},"end":{"line":5,"column":47}},"4":{"start":{"line":6,"column":17},"end":{"line":6,"column":48}},"5":{"start":{"line":7,"column":4},"end":{"line":7,"column":15}},"6":{"start":{"line":10,"column":20},"end":{"line":12,"column":1}},"7":{"start":{"line":11,"column":4},"end":{"line":11,"column":49}},"8":{"start":{"line":14,"column":0},"end":{"line":14,"column":40}}},"fnMap":{"0":{"name":"(anonymous_0)","decl":{"start":{"line":4,"column":17},"end":{"line":4,"column":18}},"loc":{"start":{"line":4,"column":31},"end":{"line":8,"column":1}},"line":4},"1":{"name":"(anonymous_1)","decl":{"start":{"line":10,"column":20},"end":{"line":10,"column":21}},"loc":{"start":{"line":10,"column":44},"end":{"line":12,"column":1}},"line":10}},"branchMap":{},"s":{"0":1,"1":1,"2":1,"3":1,"4":1,"5":1,"6":1,"7":1,"8":1},"f":{"0":1,"1":1},"b":{},"_coverageSchema":"1a1c01bbd47fc00a2c39e90264f33305004495a9","hash":"f60d851299cc9cf9c0ddf8fd939e0c5a78cb9be5"}
,"/home/obos/Desktop/Track-D-Truck/server/services/dataOptimation/models/driver.js": {"path":"/home/obos/Desktop/Track-D-Truck/server/services/dataOptimation/models/driver.js","statementMap":{"0":{"start":{"line":5,"column":4},"end":{"line":5,"column":24}},"1":{"start":{"line":6,"column":19},"end":{"line":6,"column":47}},"2":{"start":{"line":7,"column":0},"end":{"line":95,"column":2}},"3":{"start":{"line":18,"column":6},"end":{"line":18,"column":33}},"4":{"start":{"line":21,"column":2},"end":{"line":93,"column":5}},"5":{"start":{"line":88,"column":8},"end":{"line":88,"column":51}},"6":{"start":{"line":94,"column":2},"end":{"line":94,"column":16}}},"fnMap":{"0":{"name":"(anonymous_0)","decl":{"start":{"line":7,"column":17},"end":{"line":7,"column":18}},"loc":{"start":{"line":7,"column":43},"end":{"line":95,"column":1}},"line":7},"1":{"name":"(anonymous_1)","decl":{"start":{"line":16,"column":4},"end":{"line":16,"column":5}},"loc":{"start":{"line":16,"column":29},"end":{"line":19,"column":5}},"line":16},"2":{"name":"(anonymous_2)","decl":{"start":{"line":87,"column":6},"end":{"line":87,"column":7}},"loc":{"start":{"line":87,"column":27},"end":{"line":89,"column":7}},"line":87}},"branchMap":{},"s":{"0":1,"1":1,"2":1,"3":1,"4":1,"5":1,"6":1},"f":{"0":1,"1":1,"2":1},"b":{},"_coverageSchema":"1a1c01bbd47fc00a2c39e90264f33305004495a9","hash":"1aa54e61ed6e527cb5baee6292c44b187e79c3b8"}
,"/home/obos/Desktop/Track-D-Truck/server/services/dataOptimation/models/tpstorage.js": {"path":"/home/obos/Desktop/Track-D-Truck/server/services/dataOptimation/models/tpstorage.js","statementMap":{"0":{"start":{"line":4,"column":4},"end":{"line":4,"column":24}},"1":{"start":{"line":5,"column":0},"end":{"line":27,"column":2}},"2":{"start":{"line":16,"column":2},"end":{"line":25,"column":5}},"3":{"start":{"line":26,"column":2},"end":{"line":26,"column":19}}},"fnMap":{"0":{"name":"(anonymous_0)","decl":{"start":{"line":5,"column":17},"end":{"line":5,"column":18}},"loc":{"start":{"line":5,"column":43},"end":{"line":27,"column":1}},"line":5},"1":{"name":"(anonymous_1)","decl":{"start":{"line":12,"column":4},"end":{"line":12,"column":5}},"loc":{"start":{"line":12,"column":29},"end":{"line":14,"column":5}},"line":12}},"branchMap":{},"s":{"0":1,"1":1,"2":1,"3":1},"f":{"0":1,"1":1},"b":{},"_coverageSchema":"1a1c01bbd47fc00a2c39e90264f33305004495a9","hash":"4b58d4c257222b19435467638128d7936372d3d9"}
,"/home/obos/Desktop/Track-D-Truck/server/services/dataOptimation/models/truck.js": {"path":"/home/obos/Desktop/Track-D-Truck/server/services/dataOptimation/models/truck.js","statementMap":{"0":{"start":{"line":4,"column":4},"end":{"line":4,"column":24}},"1":{"start":{"line":5,"column":0},"end":{"line":29,"column":2}},"2":{"start":{"line":14,"column":6},"end":{"line":14,"column":36}},"3":{"start":{"line":17,"column":2},"end":{"line":27,"column":5}},"4":{"start":{"line":28,"column":2},"end":{"line":28,"column":15}}},"fnMap":{"0":{"name":"(anonymous_0)","decl":{"start":{"line":5,"column":17},"end":{"line":5,"column":18}},"loc":{"start":{"line":5,"column":43},"end":{"line":29,"column":1}},"line":5},"1":{"name":"(anonymous_1)","decl":{"start":{"line":12,"column":4},"end":{"line":12,"column":5}},"loc":{"start":{"line":12,"column":29},"end":{"line":15,"column":5}},"line":12}},"branchMap":{},"s":{"0":1,"1":1,"2":1,"3":1,"4":1},"f":{"0":1,"1":1},"b":{},"_coverageSchema":"1a1c01bbd47fc00a2c39e90264f33305004495a9","hash":"45170ccaa6394dc4a9d000fe2ad9f8dc34313303"}
,"/home/obos/Desktop/Track-D-Truck/server/services/dataOptimation/routes/tps.js": {"path":"/home/obos/Desktop/Track-D-Truck/server/services/dataOptimation/routes/tps.js","statementMap":{"0":{"start":{"line":1,"column":15},"end":{"line":1,"column":42}},"1":{"start":{"line":2,"column":22},"end":{"line":2,"column":51}},"2":{"start":{"line":4,"column":0},"end":{"line":4,"column":35}},"3":{"start":{"line":5,"column":0},"end":{"line":5,"column":35}},"4":{"start":{"line":6,"column":0},"end":{"line":6,"column":38}},"5":{"start":{"line":7,"column":0},"end":{"line":7,"column":38}},"6":{"start":{"line":8,"column":0},"end":{"line":8,"column":43}},"7":{"start":{"line":11,"column":0},"end":{"line":11,"column":23}}},"fnMap":{},"branchMap":{},"s":{"0":1,"1":1,"2":1,"3":1,"4":1,"5":1,"6":1,"7":1},"f":{},"b":{},"_coverageSchema":"1a1c01bbd47fc00a2c39e90264f33305004495a9","hash":"e199b8ca729b2e6a053e71738c98dcfd6541f4a7"}
,"/home/obos/Desktop/Track-D-Truck/server/services/dataOptimation/routes/truck.js": {"path":"/home/obos/Desktop/Track-D-Truck/server/services/dataOptimation/routes/truck.js","statementMap":{"0":{"start":{"line":1,"column":15},"end":{"line":1,"column":42}},"1":{"start":{"line":2,"column":24},"end":{"line":2,"column":56}},"2":{"start":{"line":4,"column":0},"end":{"line":4,"column":37}},"3":{"start":{"line":5,"column":0},"end":{"line":5,"column":37}},"4":{"start":{"line":6,"column":0},"end":{"line":6,"column":40}},"5":{"start":{"line":7,"column":0},"end":{"line":7,"column":40}},"6":{"start":{"line":8,"column":0},"end":{"line":8,"column":45}},"7":{"start":{"line":11,"column":0},"end":{"line":11,"column":23}}},"fnMap":{},"branchMap":{},"s":{"0":1,"1":1,"2":1,"3":1,"4":1,"5":1,"6":1,"7":1},"f":{},"b":{},"_coverageSchema":"1a1c01bbd47fc00a2c39e90264f33305004495a9","hash":"055bfb2b2c23c196747458d390624af32ced1121"}
}
