{"/home/obos/Desktop/Track-D-Truck/server/services/dataOptimation/app.js": {"path":"/home/obos/Desktop/Track-D-Truck/server/services/dataOptimation/app.js","statementMap":{"0":{"start":{"line":5,"column":13},"end":{"line":5,"column":28}},"1":{"start":{"line":6,"column":16},"end":{"line":6,"column":34}},"2":{"start":{"line":7,"column":15},"end":{"line":7,"column":34}},"3":{"start":{"line":8,"column":21},"end":{"line":8,"column":56}},"4":{"start":{"line":9,"column":12},"end":{"line":9,"column":21}},"5":{"start":{"line":10,"column":13},"end":{"line":10,"column":37}},"6":{"start":{"line":13,"column":0},"end":{"line":13,"column":15}},"7":{"start":{"line":14,"column":0},"end":{"line":14,"column":23}},"8":{"start":{"line":15,"column":0},"end":{"line":15,"column":45}},"9":{"start":{"line":16,"column":0},"end":{"line":16,"column":15}},"10":{"start":{"line":17,"column":0},"end":{"line":17,"column":21}},"11":{"start":{"line":23,"column":0},"end":{"line":23,"column":20}}},"fnMap":{},"branchMap":{"0":{"loc":{"start":{"line":10,"column":13},"end":{"line":10,"column":37}},"type":"binary-expr","locations":[{"start":{"line":10,"column":13},"end":{"line":10,"column":29}},{"start":{"line":10,"column":33},"end":{"line":10,"column":37}}],"line":10}},"s":{"0":3,"1":3,"2":3,"3":3,"4":3,"5":3,"6":3,"7":3,"8":3,"9":3,"10":3,"11":3},"f":{},"b":{"0":[3,3]},"_coverageSchema":"1a1c01bbd47fc00a2c39e90264f33305004495a9","hash":"5ce838ba4f38e90d5094a01ab913da3e34cf17f3"}
,"/home/obos/Desktop/Track-D-Truck/server/services/dataOptimation/controllers/Optimations.js": {"path":"/home/obos/Desktop/Track-D-Truck/server/services/dataOptimation/controllers/Optimations.js","statementMap":{"0":{"start":{"line":1,"column":14},"end":{"line":1,"column":30}},"1":{"start":{"line":2,"column":22},"end":{"line":2,"column":42}},"2":{"start":{"line":3,"column":26},"end":{"line":3,"column":46}},"3":{"start":{"line":4,"column":18},"end":{"line":4,"column":53}},"4":{"start":{"line":5,"column":18},"end":{"line":5,"column":49}},"5":{"start":{"line":7,"column":20},"end":{"line":7,"column":61}},"6":{"start":{"line":12,"column":24},"end":{"line":25,"column":8}},"7":{"start":{"line":20,"column":8},"end":{"line":20,"column":22}},"8":{"start":{"line":23,"column":8},"end":{"line":23,"column":48}},"9":{"start":{"line":24,"column":8},"end":{"line":24,"column":18}},"10":{"start":{"line":29,"column":15},"end":{"line":32,"column":5}},"11":{"start":{"line":34,"column":14},"end":{"line":37,"column":5}},"12":{"start":{"line":39,"column":22},"end":{"line":50,"column":8}},"13":{"start":{"line":45,"column":8},"end":{"line":45,"column":22}},"14":{"start":{"line":48,"column":8},"end":{"line":48,"column":46}},"15":{"start":{"line":49,"column":8},"end":{"line":49,"column":18}},"16":{"start":{"line":54,"column":22},"end":{"line":54,"column":24}},"17":{"start":{"line":55,"column":4},"end":{"line":57,"column":7}},"18":{"start":{"line":56,"column":6},"end":{"line":56,"column":57}},"19":{"start":{"line":59,"column":14},"end":{"line":59,"column":192}},"20":{"start":{"line":61,"column":17},"end":{"line":72,"column":8}},"21":{"start":{"line":66,"column":18},"end":{"line":66,"column":46}},"22":{"start":{"line":67,"column":8},"end":{"line":67,"column":19}},"23":{"start":{"line":70,"column":8},"end":{"line":70,"column":25}},"24":{"start":{"line":71,"column":8},"end":{"line":71,"column":22}},"25":{"start":{"line":76,"column":26},"end":{"line":76,"column":28}},"26":{"start":{"line":77,"column":4},"end":{"line":91,"column":5}},"27":{"start":{"line":77,"column":17},"end":{"line":77,"column":18}},"28":{"start":{"line":78,"column":16},"end":{"line":81,"column":7}},"29":{"start":{"line":82,"column":6},"end":{"line":89,"column":7}},"30":{"start":{"line":82,"column":19},"end":{"line":82,"column":20}},"31":{"start":{"line":83,"column":8},"end":{"line":88,"column":9}},"32":{"start":{"line":84,"column":10},"end":{"line":84,"column":39}},"33":{"start":{"line":85,"column":10},"end":{"line":85,"column":43}},"34":{"start":{"line":86,"column":15},"end":{"line":88,"column":9}},"35":{"start":{"line":87,"column":10},"end":{"line":87,"column":47}},"36":{"start":{"line":90,"column":6},"end":{"line":90,"column":32}},"37":{"start":{"line":93,"column":18},"end":{"line":93,"column":20}},"38":{"start":{"line":96,"column":15},"end":{"line":96,"column":26}},"39":{"start":{"line":97,"column":16},"end":{"line":97,"column":45}},"40":{"start":{"line":98,"column":19},"end":{"line":98,"column":20}},"41":{"start":{"line":99,"column":21},"end":{"line":99,"column":23}},"42":{"start":{"line":101,"column":4},"end":{"line":232,"column":5}},"43":{"start":{"line":101,"column":17},"end":{"line":101,"column":18}},"44":{"start":{"line":102,"column":16},"end":{"line":102,"column":17}},"45":{"start":{"line":103,"column":18},"end":{"line":103,"column":20}},"46":{"start":{"line":104,"column":14},"end":{"line":104,"column":15}},"47":{"start":{"line":105,"column":15},"end":{"line":105,"column":16}},"48":{"start":{"line":106,"column":17},"end":{"line":106,"column":19}},"49":{"start":{"line":107,"column":26},"end":{"line":107,"column":27}},"50":{"start":{"line":108,"column":28},"end":{"line":108,"column":29}},"51":{"start":{"line":109,"column":6},"end":{"line":215,"column":7}},"52":{"start":{"line":109,"column":19},"end":{"line":109,"column":20}},"53":{"start":{"line":110,"column":8},"end":{"line":110,"column":41}},"54":{"start":{"line":112,"column":8},"end":{"line":140,"column":9}},"55":{"start":{"line":113,"column":10},"end":{"line":113,"column":40}},"56":{"start":{"line":114,"column":10},"end":{"line":121,"column":11}},"57":{"start":{"line":115,"column":12},"end":{"line":119,"column":15}},"58":{"start":{"line":120,"column":12},"end":{"line":120,"column":19}},"59":{"start":{"line":123,"column":10},"end":{"line":127,"column":13}},"60":{"start":{"line":128,"column":10},"end":{"line":128,"column":20}},"61":{"start":{"line":129,"column":10},"end":{"line":129,"column":42}},"62":{"start":{"line":130,"column":10},"end":{"line":130,"column":40}},"63":{"start":{"line":131,"column":10},"end":{"line":131,"column":17}},"64":{"start":{"line":133,"column":10},"end":{"line":139,"column":11}},"65":{"start":{"line":134,"column":12},"end":{"line":138,"column":15}},"66":{"start":{"line":143,"column":8},"end":{"line":211,"column":9}},"67":{"start":{"line":144,"column":10},"end":{"line":144,"column":18}},"68":{"start":{"line":145,"column":28},"end":{"line":145,"column":30}},"69":{"start":{"line":146,"column":10},"end":{"line":148,"column":13}},"70":{"start":{"line":147,"column":12},"end":{"line":147,"column":63}},"71":{"start":{"line":150,"column":10},"end":{"line":150,"column":49}},"72":{"start":{"line":154,"column":10},"end":{"line":176,"column":11}},"73":{"start":{"line":155,"column":31},"end":{"line":166,"column":16}},"74":{"start":{"line":160,"column":26},"end":{"line":160,"column":54}},"75":{"start":{"line":161,"column":16},"end":{"line":161,"column":27}},"76":{"start":{"line":164,"column":16},"end":{"line":164,"column":33}},"77":{"start":{"line":165,"column":16},"end":{"line":165,"column":30}},"78":{"start":{"line":168,"column":12},"end":{"line":170,"column":13}},"79":{"start":{"line":168,"column":25},"end":{"line":168,"column":26}},"80":{"start":{"line":169,"column":14},"end":{"line":169,"column":60}},"81":{"start":{"line":172,"column":12},"end":{"line":172,"column":55}},"82":{"start":{"line":173,"column":12},"end":{"line":173,"column":67}},"83":{"start":{"line":174,"column":12},"end":{"line":174,"column":53}},"84":{"start":{"line":175,"column":12},"end":{"line":175,"column":29}},"85":{"start":{"line":179,"column":10},"end":{"line":208,"column":11}},"86":{"start":{"line":180,"column":30},"end":{"line":180,"column":32}},"87":{"start":{"line":181,"column":12},"end":{"line":183,"column":15}},"88":{"start":{"line":182,"column":14},"end":{"line":182,"column":65}},"89":{"start":{"line":185,"column":12},"end":{"line":185,"column":47}},"90":{"start":{"line":187,"column":31},"end":{"line":198,"column":16}},"91":{"start":{"line":192,"column":26},"end":{"line":192,"column":54}},"92":{"start":{"line":193,"column":16},"end":{"line":193,"column":27}},"93":{"start":{"line":196,"column":16},"end":{"line":196,"column":33}},"94":{"start":{"line":197,"column":16},"end":{"line":197,"column":30}},"95":{"start":{"line":200,"column":12},"end":{"line":202,"column":13}},"96":{"start":{"line":200,"column":25},"end":{"line":200,"column":26}},"97":{"start":{"line":201,"column":14},"end":{"line":201,"column":60}},"98":{"start":{"line":204,"column":12},"end":{"line":204,"column":51}},"99":{"start":{"line":205,"column":12},"end":{"line":205,"column":61}},"100":{"start":{"line":206,"column":12},"end":{"line":206,"column":49}},"101":{"start":{"line":207,"column":12},"end":{"line":207,"column":29}},"102":{"start":{"line":218,"column":6},"end":{"line":221,"column":7}},"103":{"start":{"line":219,"column":8},"end":{"line":219,"column":34}},"104":{"start":{"line":220,"column":8},"end":{"line":220,"column":26}},"105":{"start":{"line":223,"column":6},"end":{"line":226,"column":7}},"106":{"start":{"line":224,"column":8},"end":{"line":224,"column":34}},"107":{"start":{"line":225,"column":8},"end":{"line":225,"column":26}},"108":{"start":{"line":228,"column":6},"end":{"line":228,"column":72}},"109":{"start":{"line":230,"column":18},"end":{"line":230,"column":33}},"110":{"start":{"line":231,"column":6},"end":{"line":231,"column":19}},"111":{"start":{"line":239,"column":4},"end":{"line":239,"column":86}},"112":{"start":{"line":243,"column":0},"end":{"line":243,"column":38}}},"fnMap":{"0":{"name":"(anonymous_0)","decl":{"start":{"line":10,"column":2},"end":{"line":10,"column":3}},"loc":{"start":{"line":10,"column":36},"end":{"line":240,"column":3}},"line":10},"1":{"name":"(anonymous_1)","decl":{"start":{"line":19,"column":12},"end":{"line":19,"column":13}},"loc":{"start":{"line":19,"column":24},"end":{"line":21,"column":7}},"line":19},"2":{"name":"(anonymous_2)","decl":{"start":{"line":22,"column":13},"end":{"line":22,"column":14}},"loc":{"start":{"line":22,"column":22},"end":{"line":25,"column":7}},"line":22},"3":{"name":"(anonymous_3)","decl":{"start":{"line":44,"column":12},"end":{"line":44,"column":13}},"loc":{"start":{"line":44,"column":24},"end":{"line":46,"column":7}},"line":44},"4":{"name":"(anonymous_4)","decl":{"start":{"line":47,"column":13},"end":{"line":47,"column":14}},"loc":{"start":{"line":47,"column":22},"end":{"line":50,"column":7}},"line":47},"5":{"name":"(anonymous_5)","decl":{"start":{"line":55,"column":22},"end":{"line":55,"column":23}},"loc":{"start":{"line":55,"column":35},"end":{"line":57,"column":5}},"line":55},"6":{"name":"(anonymous_6)","decl":{"start":{"line":65,"column":12},"end":{"line":65,"column":13}},"loc":{"start":{"line":65,"column":26},"end":{"line":68,"column":7}},"line":65},"7":{"name":"(anonymous_7)","decl":{"start":{"line":69,"column":13},"end":{"line":69,"column":14}},"loc":{"start":{"line":69,"column":22},"end":{"line":72,"column":7}},"line":69},"8":{"name":"(anonymous_8)","decl":{"start":{"line":146,"column":37},"end":{"line":146,"column":38}},"loc":{"start":{"line":146,"column":50},"end":{"line":148,"column":11}},"line":146},"9":{"name":"(anonymous_9)","decl":{"start":{"line":159,"column":20},"end":{"line":159,"column":21}},"loc":{"start":{"line":159,"column":34},"end":{"line":162,"column":15}},"line":159},"10":{"name":"(anonymous_10)","decl":{"start":{"line":163,"column":21},"end":{"line":163,"column":22}},"loc":{"start":{"line":163,"column":30},"end":{"line":166,"column":15}},"line":163},"11":{"name":"(anonymous_11)","decl":{"start":{"line":181,"column":35},"end":{"line":181,"column":36}},"loc":{"start":{"line":181,"column":48},"end":{"line":183,"column":13}},"line":181},"12":{"name":"(anonymous_12)","decl":{"start":{"line":191,"column":20},"end":{"line":191,"column":21}},"loc":{"start":{"line":191,"column":34},"end":{"line":194,"column":15}},"line":191},"13":{"name":"(anonymous_13)","decl":{"start":{"line":195,"column":21},"end":{"line":195,"column":22}},"loc":{"start":{"line":195,"column":30},"end":{"line":198,"column":15}},"line":195}},"branchMap":{"0":{"loc":{"start":{"line":83,"column":8},"end":{"line":88,"column":9}},"type":"if","locations":[{"start":{"line":83,"column":8},"end":{"line":88,"column":9}},{"start":{"line":83,"column":8},"end":{"line":88,"column":9}}],"line":83},"1":{"loc":{"start":{"line":86,"column":15},"end":{"line":88,"column":9}},"type":"if","locations":[{"start":{"line":86,"column":15},"end":{"line":88,"column":9}},{"start":{"line":86,"column":15},"end":{"line":88,"column":9}}],"line":86},"2":{"loc":{"start":{"line":112,"column":8},"end":{"line":140,"column":9}},"type":"if","locations":[{"start":{"line":112,"column":8},"end":{"line":140,"column":9}},{"start":{"line":112,"column":8},"end":{"line":140,"column":9}}],"line":112},"3":{"loc":{"start":{"line":114,"column":10},"end":{"line":121,"column":11}},"type":"if","locations":[{"start":{"line":114,"column":10},"end":{"line":121,"column":11}},{"start":{"line":114,"column":10},"end":{"line":121,"column":11}}],"line":114},"4":{"loc":{"start":{"line":133,"column":10},"end":{"line":139,"column":11}},"type":"if","locations":[{"start":{"line":133,"column":10},"end":{"line":139,"column":11}},{"start":{"line":133,"column":10},"end":{"line":139,"column":11}}],"line":133},"5":{"loc":{"start":{"line":143,"column":8},"end":{"line":211,"column":9}},"type":"if","locations":[{"start":{"line":143,"column":8},"end":{"line":211,"column":9}},{"start":{"line":143,"column":8},"end":{"line":211,"column":9}}],"line":143},"6":{"loc":{"start":{"line":154,"column":10},"end":{"line":176,"column":11}},"type":"if","locations":[{"start":{"line":154,"column":10},"end":{"line":176,"column":11}},{"start":{"line":154,"column":10},"end":{"line":176,"column":11}}],"line":154},"7":{"loc":{"start":{"line":179,"column":10},"end":{"line":208,"column":11}},"type":"if","locations":[{"start":{"line":179,"column":10},"end":{"line":208,"column":11}},{"start":{"line":179,"column":10},"end":{"line":208,"column":11}}],"line":179},"8":{"loc":{"start":{"line":179,"column":14},"end":{"line":179,"column":57}},"type":"binary-expr","locations":[{"start":{"line":179,"column":14},"end":{"line":179,"column":45}},{"start":{"line":179,"column":49},"end":{"line":179,"column":57}}],"line":179},"9":{"loc":{"start":{"line":218,"column":6},"end":{"line":221,"column":7}},"type":"if","locations":[{"start":{"line":218,"column":6},"end":{"line":221,"column":7}},{"start":{"line":218,"column":6},"end":{"line":221,"column":7}}],"line":218},"10":{"loc":{"start":{"line":223,"column":6},"end":{"line":226,"column":7}},"type":"if","locations":[{"start":{"line":223,"column":6},"end":{"line":226,"column":7}},{"start":{"line":223,"column":6},"end":{"line":226,"column":7}}],"line":223}},"s":{"0":3,"1":3,"2":3,"3":3,"4":3,"5":3,"6":0,"7":0,"8":0,"9":0,"10":0,"11":0,"12":0,"13":0,"14":0,"15":0,"16":0,"17":0,"18":0,"19":0,"20":0,"21":0,"22":0,"23":0,"24":0,"25":0,"26":0,"27":0,"28":0,"29":0,"30":0,"31":0,"32":0,"33":0,"34":0,"35":0,"36":0,"37":0,"38":0,"39":0,"40":0,"41":0,"42":0,"43":0,"44":0,"45":0,"46":0,"47":0,"48":0,"49":0,"50":0,"51":0,"52":0,"53":0,"54":0,"55":0,"56":0,"57":0,"58":0,"59":0,"60":0,"61":0,"62":0,"63":0,"64":0,"65":0,"66":0,"67":0,"68":0,"69":0,"70":0,"71":0,"72":0,"73":0,"74":0,"75":0,"76":0,"77":0,"78":0,"79":0,"80":0,"81":0,"82":0,"83":0,"84":0,"85":0,"86":0,"87":0,"88":0,"89":0,"90":0,"91":0,"92":0,"93":0,"94":0,"95":0,"96":0,"97":0,"98":0,"99":0,"100":0,"101":0,"102":0,"103":0,"104":0,"105":0,"106":0,"107":0,"108":0,"109":0,"110":0,"111":0,"112":3},"f":{"0":0,"1":0,"2":0,"3":0,"4":0,"5":0,"6":0,"7":0,"8":0,"9":0,"10":0,"11":0,"12":0,"13":0},"b":{"0":[0,0],"1":[0,0],"2":[0,0],"3":[0,0],"4":[0,0],"5":[0,0],"6":[0,0],"7":[0,0],"8":[0,0],"9":[0,0],"10":[0,0]},"_coverageSchema":"1a1c01bbd47fc00a2c39e90264f33305004495a9","hash":"0e45dfe1efe981605cb1af2c4a8f553df4e9a672"}
,"/home/obos/Desktop/Track-D-Truck/server/services/dataOptimation/controllers/TPS.js": {"path":"/home/obos/Desktop/Track-D-Truck/server/services/dataOptimation/controllers/TPS.js","statementMap":{"0":{"start":{"line":1,"column":20},"end":{"line":1,"column":40}},"1":{"start":{"line":6,"column":8},"end":{"line":13,"column":10}},"2":{"start":{"line":8,"column":12},"end":{"line":8,"column":40}},"3":{"start":{"line":12,"column":12},"end":{"line":12,"column":21}},"4":{"start":{"line":17,"column":22},"end":{"line":17,"column":57}},"5":{"start":{"line":18,"column":29},"end":{"line":24,"column":9}},"6":{"start":{"line":25,"column":8},"end":{"line":33,"column":10}},"7":{"start":{"line":28,"column":12},"end":{"line":28,"column":40}},"8":{"start":{"line":31,"column":12},"end":{"line":31,"column":51}},"9":{"start":{"line":32,"column":12},"end":{"line":32,"column":21}},"10":{"start":{"line":37,"column":26},"end":{"line":37,"column":39}},"11":{"start":{"line":38,"column":20},"end":{"line":42,"column":9}},"12":{"start":{"line":44,"column":8},"end":{"line":55,"column":10}},"13":{"start":{"line":46,"column":12},"end":{"line":51,"column":13}},"14":{"start":{"line":48,"column":16},"end":{"line":48,"column":44}},"15":{"start":{"line":50,"column":16},"end":{"line":50,"column":27}},"16":{"start":{"line":54,"column":12},"end":{"line":54,"column":21}},"17":{"start":{"line":59,"column":30},"end":{"line":65,"column":10}},"18":{"start":{"line":67,"column":26},"end":{"line":67,"column":39}},"19":{"start":{"line":68,"column":8},"end":{"line":76,"column":10}},"20":{"start":{"line":70,"column":12},"end":{"line":70,"column":32}},"21":{"start":{"line":71,"column":12},"end":{"line":71,"column":41}},"22":{"start":{"line":74,"column":12},"end":{"line":74,"column":52}},"23":{"start":{"line":75,"column":12},"end":{"line":75,"column":21}},"24":{"start":{"line":80,"column":26},"end":{"line":80,"column":39}},"25":{"start":{"line":81,"column":20},"end":{"line":85,"column":9}},"26":{"start":{"line":88,"column":8},"end":{"line":103,"column":10}},"27":{"start":{"line":90,"column":12},"end":{"line":95,"column":13}},"28":{"start":{"line":91,"column":16},"end":{"line":91,"column":27}},"29":{"start":{"line":93,"column":16},"end":{"line":93,"column":36}},"30":{"start":{"line":94,"column":16},"end":{"line":94,"column":68}},"31":{"start":{"line":99,"column":12},"end":{"line":99,"column":109}},"32":{"start":{"line":102,"column":12},"end":{"line":102,"column":21}},"33":{"start":{"line":107,"column":0},"end":{"line":107,"column":36}}},"fnMap":{"0":{"name":"(anonymous_0)","decl":{"start":{"line":5,"column":4},"end":{"line":5,"column":5}},"loc":{"start":{"line":5,"column":32},"end":{"line":14,"column":5}},"line":5},"1":{"name":"(anonymous_1)","decl":{"start":{"line":7,"column":14},"end":{"line":7,"column":15}},"loc":{"start":{"line":7,"column":24},"end":{"line":9,"column":9}},"line":7},"2":{"name":"(anonymous_2)","decl":{"start":{"line":10,"column":15},"end":{"line":10,"column":16}},"loc":{"start":{"line":10,"column":22},"end":{"line":13,"column":9}},"line":10},"3":{"name":"(anonymous_3)","decl":{"start":{"line":16,"column":4},"end":{"line":16,"column":5}},"loc":{"start":{"line":16,"column":31},"end":{"line":34,"column":5}},"line":16},"4":{"name":"(anonymous_4)","decl":{"start":{"line":26,"column":14},"end":{"line":26,"column":15}},"loc":{"start":{"line":26,"column":24},"end":{"line":29,"column":9}},"line":26},"5":{"name":"(anonymous_5)","decl":{"start":{"line":30,"column":15},"end":{"line":30,"column":16}},"loc":{"start":{"line":30,"column":22},"end":{"line":33,"column":9}},"line":30},"6":{"name":"(anonymous_6)","decl":{"start":{"line":36,"column":4},"end":{"line":36,"column":5}},"loc":{"start":{"line":36,"column":32},"end":{"line":56,"column":5}},"line":36},"7":{"name":"(anonymous_7)","decl":{"start":{"line":45,"column":14},"end":{"line":45,"column":15}},"loc":{"start":{"line":45,"column":24},"end":{"line":52,"column":9}},"line":45},"8":{"name":"(anonymous_8)","decl":{"start":{"line":53,"column":15},"end":{"line":53,"column":16}},"loc":{"start":{"line":53,"column":22},"end":{"line":55,"column":9}},"line":53},"9":{"name":"(anonymous_9)","decl":{"start":{"line":58,"column":4},"end":{"line":58,"column":5}},"loc":{"start":{"line":58,"column":32},"end":{"line":77,"column":5}},"line":58},"10":{"name":"(anonymous_10)","decl":{"start":{"line":69,"column":14},"end":{"line":69,"column":15}},"loc":{"start":{"line":69,"column":24},"end":{"line":72,"column":9}},"line":69},"11":{"name":"(anonymous_11)","decl":{"start":{"line":73,"column":15},"end":{"line":73,"column":16}},"loc":{"start":{"line":73,"column":22},"end":{"line":76,"column":9}},"line":73},"12":{"name":"(anonymous_12)","decl":{"start":{"line":79,"column":4},"end":{"line":79,"column":5}},"loc":{"start":{"line":79,"column":34},"end":{"line":104,"column":5}},"line":79},"13":{"name":"(anonymous_13)","decl":{"start":{"line":89,"column":14},"end":{"line":89,"column":15}},"loc":{"start":{"line":89,"column":24},"end":{"line":96,"column":9}},"line":89},"14":{"name":"(anonymous_14)","decl":{"start":{"line":97,"column":14},"end":{"line":97,"column":15}},"loc":{"start":{"line":97,"column":24},"end":{"line":100,"column":9}},"line":97},"15":{"name":"(anonymous_15)","decl":{"start":{"line":101,"column":15},"end":{"line":101,"column":16}},"loc":{"start":{"line":101,"column":22},"end":{"line":103,"column":9}},"line":101}},"branchMap":{"0":{"loc":{"start":{"line":46,"column":12},"end":{"line":51,"column":13}},"type":"if","locations":[{"start":{"line":46,"column":12},"end":{"line":51,"column":13}},{"start":{"line":46,"column":12},"end":{"line":51,"column":13}}],"line":46},"1":{"loc":{"start":{"line":90,"column":12},"end":{"line":95,"column":13}},"type":"if","locations":[{"start":{"line":90,"column":12},"end":{"line":95,"column":13}},{"start":{"line":90,"column":12},"end":{"line":95,"column":13}}],"line":90}},"s":{"0":3,"1":1,"2":1,"3":0,"4":0,"5":0,"6":0,"7":0,"8":0,"9":0,"10":0,"11":0,"12":0,"13":0,"14":0,"15":0,"16":0,"17":0,"18":0,"19":0,"20":0,"21":0,"22":0,"23":0,"24":0,"25":0,"26":0,"27":0,"28":0,"29":0,"30":0,"31":0,"32":0,"33":3},"f":{"0":1,"1":1,"2":0,"3":0,"4":0,"5":0,"6":0,"7":0,"8":0,"9":0,"10":0,"11":0,"12":0,"13":0,"14":0,"15":0},"b":{"0":[0,0],"1":[0,0]},"_coverageSchema":"1a1c01bbd47fc00a2c39e90264f33305004495a9","hash":"678d09472c5883aedb3d9a7aa3b3c6ebb6de5e91"}
,"/home/obos/Desktop/Track-D-Truck/server/services/dataOptimation/controllers/Trucks.js": {"path":"/home/obos/Desktop/Track-D-Truck/server/services/dataOptimation/controllers/Trucks.js","statementMap":{"0":{"start":{"line":1,"column":24},"end":{"line":1,"column":44}},"1":{"start":{"line":6,"column":8},"end":{"line":12,"column":10}},"2":{"start":{"line":8,"column":12},"end":{"line":8,"column":40}},"3":{"start":{"line":11,"column":12},"end":{"line":11,"column":21}},"4":{"start":{"line":16,"column":25},"end":{"line":22,"column":9}},"5":{"start":{"line":23,"column":8},"end":{"line":31,"column":10}},"6":{"start":{"line":26,"column":12},"end":{"line":26,"column":40}},"7":{"start":{"line":29,"column":12},"end":{"line":29,"column":51}},"8":{"start":{"line":30,"column":12},"end":{"line":30,"column":21}},"9":{"start":{"line":35,"column":22},"end":{"line":35,"column":35}},"10":{"start":{"line":36,"column":20},"end":{"line":40,"column":9}},"11":{"start":{"line":42,"column":8},"end":{"line":53,"column":10}},"12":{"start":{"line":44,"column":12},"end":{"line":49,"column":13}},"13":{"start":{"line":46,"column":16},"end":{"line":46,"column":44}},"14":{"start":{"line":48,"column":16},"end":{"line":48,"column":27}},"15":{"start":{"line":52,"column":12},"end":{"line":52,"column":21}},"16":{"start":{"line":57,"column":8},"end":{"line":57,"column":57}},"17":{"start":{"line":58,"column":26},"end":{"line":65,"column":9}},"18":{"start":{"line":67,"column":22},"end":{"line":67,"column":35}},"19":{"start":{"line":68,"column":8},"end":{"line":76,"column":10}},"20":{"start":{"line":70,"column":12},"end":{"line":70,"column":32}},"21":{"start":{"line":71,"column":12},"end":{"line":71,"column":41}},"22":{"start":{"line":74,"column":12},"end":{"line":74,"column":48}},"23":{"start":{"line":75,"column":12},"end":{"line":75,"column":21}},"24":{"start":{"line":80,"column":22},"end":{"line":80,"column":35}},"25":{"start":{"line":81,"column":20},"end":{"line":85,"column":9}},"26":{"start":{"line":88,"column":8},"end":{"line":103,"column":10}},"27":{"start":{"line":90,"column":12},"end":{"line":95,"column":13}},"28":{"start":{"line":91,"column":16},"end":{"line":91,"column":27}},"29":{"start":{"line":93,"column":16},"end":{"line":93,"column":36}},"30":{"start":{"line":94,"column":16},"end":{"line":94,"column":60}},"31":{"start":{"line":99,"column":12},"end":{"line":99,"column":101}},"32":{"start":{"line":102,"column":12},"end":{"line":102,"column":21}},"33":{"start":{"line":107,"column":0},"end":{"line":107,"column":32}}},"fnMap":{"0":{"name":"(anonymous_0)","decl":{"start":{"line":5,"column":4},"end":{"line":5,"column":5}},"loc":{"start":{"line":5,"column":32},"end":{"line":13,"column":5}},"line":5},"1":{"name":"(anonymous_1)","decl":{"start":{"line":7,"column":14},"end":{"line":7,"column":15}},"loc":{"start":{"line":7,"column":24},"end":{"line":9,"column":9}},"line":7},"2":{"name":"(anonymous_2)","decl":{"start":{"line":10,"column":15},"end":{"line":10,"column":16}},"loc":{"start":{"line":10,"column":22},"end":{"line":12,"column":9}},"line":10},"3":{"name":"(anonymous_3)","decl":{"start":{"line":15,"column":4},"end":{"line":15,"column":5}},"loc":{"start":{"line":15,"column":31},"end":{"line":32,"column":5}},"line":15},"4":{"name":"(anonymous_4)","decl":{"start":{"line":24,"column":14},"end":{"line":24,"column":15}},"loc":{"start":{"line":24,"column":24},"end":{"line":27,"column":9}},"line":24},"5":{"name":"(anonymous_5)","decl":{"start":{"line":28,"column":15},"end":{"line":28,"column":16}},"loc":{"start":{"line":28,"column":22},"end":{"line":31,"column":9}},"line":28},"6":{"name":"(anonymous_6)","decl":{"start":{"line":34,"column":4},"end":{"line":34,"column":5}},"loc":{"start":{"line":34,"column":32},"end":{"line":54,"column":5}},"line":34},"7":{"name":"(anonymous_7)","decl":{"start":{"line":43,"column":14},"end":{"line":43,"column":15}},"loc":{"start":{"line":43,"column":24},"end":{"line":50,"column":9}},"line":43},"8":{"name":"(anonymous_8)","decl":{"start":{"line":51,"column":15},"end":{"line":51,"column":16}},"loc":{"start":{"line":51,"column":22},"end":{"line":53,"column":9}},"line":51},"9":{"name":"(anonymous_9)","decl":{"start":{"line":56,"column":4},"end":{"line":56,"column":5}},"loc":{"start":{"line":56,"column":32},"end":{"line":77,"column":5}},"line":56},"10":{"name":"(anonymous_10)","decl":{"start":{"line":69,"column":14},"end":{"line":69,"column":15}},"loc":{"start":{"line":69,"column":24},"end":{"line":72,"column":9}},"line":69},"11":{"name":"(anonymous_11)","decl":{"start":{"line":73,"column":15},"end":{"line":73,"column":16}},"loc":{"start":{"line":73,"column":22},"end":{"line":76,"column":9}},"line":73},"12":{"name":"(anonymous_12)","decl":{"start":{"line":79,"column":4},"end":{"line":79,"column":5}},"loc":{"start":{"line":79,"column":34},"end":{"line":104,"column":5}},"line":79},"13":{"name":"(anonymous_13)","decl":{"start":{"line":89,"column":14},"end":{"line":89,"column":15}},"loc":{"start":{"line":89,"column":24},"end":{"line":96,"column":9}},"line":89},"14":{"name":"(anonymous_14)","decl":{"start":{"line":97,"column":14},"end":{"line":97,"column":15}},"loc":{"start":{"line":97,"column":24},"end":{"line":100,"column":9}},"line":97},"15":{"name":"(anonymous_15)","decl":{"start":{"line":101,"column":15},"end":{"line":101,"column":16}},"loc":{"start":{"line":101,"column":22},"end":{"line":103,"column":9}},"line":101}},"branchMap":{"0":{"loc":{"start":{"line":44,"column":12},"end":{"line":49,"column":13}},"type":"if","locations":[{"start":{"line":44,"column":12},"end":{"line":49,"column":13}},{"start":{"line":44,"column":12},"end":{"line":49,"column":13}}],"line":44},"1":{"loc":{"start":{"line":90,"column":12},"end":{"line":95,"column":13}},"type":"if","locations":[{"start":{"line":90,"column":12},"end":{"line":95,"column":13}},{"start":{"line":90,"column":12},"end":{"line":95,"column":13}}],"line":90}},"s":{"0":3,"1":1,"2":1,"3":0,"4":1,"5":1,"6":0,"7":1,"8":1,"9":0,"10":0,"11":0,"12":0,"13":0,"14":0,"15":0,"16":0,"17":0,"18":0,"19":0,"20":0,"21":0,"22":0,"23":0,"24":0,"25":0,"26":0,"27":0,"28":0,"29":0,"30":0,"31":0,"32":0,"33":3},"f":{"0":1,"1":1,"2":0,"3":1,"4":0,"5":1,"6":0,"7":0,"8":0,"9":0,"10":0,"11":0,"12":0,"13":0,"14":0,"15":0},"b":{"0":[0,0],"1":[0,0]},"_coverageSchema":"1a1c01bbd47fc00a2c39e90264f33305004495a9","hash":"72e70bcb401fd5464e835ed891e2e4cb204a72eb"}
,"/home/obos/Desktop/Track-D-Truck/server/services/dataOptimation/controllers/Users.js": {"path":"/home/obos/Desktop/Track-D-Truck/server/services/dataOptimation/controllers/Users.js","statementMap":{"0":{"start":{"line":1,"column":17},"end":{"line":1,"column":37}},"1":{"start":{"line":2,"column":22},"end":{"line":2,"column":50}},"2":{"start":{"line":3,"column":17},"end":{"line":3,"column":42}},"3":{"start":{"line":4,"column":19},"end":{"line":4,"column":40}},"4":{"start":{"line":6,"column":20},"end":{"line":13,"column":2}},"5":{"start":{"line":18,"column":8},"end":{"line":18,"column":34}},"6":{"start":{"line":19,"column":8},"end":{"line":26,"column":10}},"7":{"start":{"line":21,"column":12},"end":{"line":21,"column":40}},"8":{"start":{"line":25,"column":12},"end":{"line":25,"column":21}},"9":{"start":{"line":30,"column":24},"end":{"line":37,"column":9}},"10":{"start":{"line":38,"column":8},"end":{"line":58,"column":10}},"11":{"start":{"line":40,"column":30},"end":{"line":42,"column":13}},"12":{"start":{"line":43,"column":30},"end":{"line":48,"column":13}},"13":{"start":{"line":50,"column":12},"end":{"line":53,"column":10}},"14":{"start":{"line":52,"column":12},"end":{"line":52,"column":40}},"15":{"start":{"line":56,"column":12},"end":{"line":56,"column":28}},"16":{"start":{"line":57,"column":12},"end":{"line":57,"column":21}},"17":{"start":{"line":62,"column":34},"end":{"line":62,"column":42}},"18":{"start":{"line":63,"column":22},"end":{"line":67,"column":9}},"19":{"start":{"line":69,"column":8},"end":{"line":82,"column":10}},"20":{"start":{"line":71,"column":12},"end":{"line":77,"column":13}},"21":{"start":{"line":72,"column":47},"end":{"line":72,"column":53}},"22":{"start":{"line":73,"column":35},"end":{"line":73,"column":60}},"23":{"start":{"line":74,"column":16},"end":{"line":74,"column":76}},"24":{"start":{"line":76,"column":16},"end":{"line":76,"column":27}},"25":{"start":{"line":80,"column":13},"end":{"line":80,"column":29}},"26":{"start":{"line":81,"column":12},"end":{"line":81,"column":21}},"27":{"start":{"line":86,"column":0},"end":{"line":86,"column":33}}},"fnMap":{"0":{"name":"(anonymous_0)","decl":{"start":{"line":17,"column":4},"end":{"line":17,"column":5}},"loc":{"start":{"line":17,"column":32},"end":{"line":27,"column":5}},"line":17},"1":{"name":"(anonymous_1)","decl":{"start":{"line":20,"column":14},"end":{"line":20,"column":15}},"loc":{"start":{"line":20,"column":24},"end":{"line":22,"column":9}},"line":20},"2":{"name":"(anonymous_2)","decl":{"start":{"line":23,"column":15},"end":{"line":23,"column":16}},"loc":{"start":{"line":23,"column":22},"end":{"line":26,"column":9}},"line":23},"3":{"name":"(anonymous_3)","decl":{"start":{"line":29,"column":4},"end":{"line":29,"column":5}},"loc":{"start":{"line":29,"column":36},"end":{"line":59,"column":5}},"line":29},"4":{"name":"(anonymous_4)","decl":{"start":{"line":39,"column":14},"end":{"line":39,"column":15}},"loc":{"start":{"line":39,"column":24},"end":{"line":54,"column":9}},"line":39},"5":{"name":"(anonymous_5)","decl":{"start":{"line":51,"column":18},"end":{"line":51,"column":19}},"loc":{"start":{"line":51,"column":25},"end":{"line":53,"column":9}},"line":51},"6":{"name":"(anonymous_6)","decl":{"start":{"line":55,"column":15},"end":{"line":55,"column":16}},"loc":{"start":{"line":55,"column":22},"end":{"line":58,"column":9}},"line":55},"7":{"name":"(anonymous_7)","decl":{"start":{"line":61,"column":4},"end":{"line":61,"column":5}},"loc":{"start":{"line":61,"column":33},"end":{"line":83,"column":5}},"line":61},"8":{"name":"(anonymous_8)","decl":{"start":{"line":70,"column":14},"end":{"line":70,"column":15}},"loc":{"start":{"line":70,"column":24},"end":{"line":78,"column":9}},"line":70},"9":{"name":"(anonymous_9)","decl":{"start":{"line":79,"column":15},"end":{"line":79,"column":16}},"loc":{"start":{"line":79,"column":22},"end":{"line":82,"column":9}},"line":79}},"branchMap":{"0":{"loc":{"start":{"line":35,"column":17},"end":{"line":35,"column":42}},"type":"binary-expr","locations":[{"start":{"line":35,"column":17},"end":{"line":35,"column":30}},{"start":{"line":35,"column":34},"end":{"line":35,"column":42}}],"line":35},"1":{"loc":{"start":{"line":71,"column":12},"end":{"line":77,"column":13}},"type":"if","locations":[{"start":{"line":71,"column":12},"end":{"line":77,"column":13}},{"start":{"line":71,"column":12},"end":{"line":77,"column":13}}],"line":71},"2":{"loc":{"start":{"line":71,"column":16},"end":{"line":71,"column":64}},"type":"binary-expr","locations":[{"start":{"line":71,"column":16},"end":{"line":71,"column":22}},{"start":{"line":71,"column":26},"end":{"line":71,"column":64}}],"line":71}},"s":{"0":3,"1":3,"2":3,"3":3,"4":3,"5":0,"6":0,"7":0,"8":0,"9":2,"10":2,"11":1,"12":1,"13":1,"14":0,"15":2,"16":2,"17":2,"18":2,"19":2,"20":2,"21":1,"22":1,"23":1,"24":1,"25":1,"26":1,"27":3},"f":{"0":0,"1":0,"2":0,"3":2,"4":1,"5":0,"6":2,"7":2,"8":2,"9":1},"b":{"0":[2,1],"1":[1,1],"2":[2,1]},"_coverageSchema":"1a1c01bbd47fc00a2c39e90264f33305004495a9","hash":"f73dd02f326371f97be749ead443ff0b7d1b550b"}
,"/home/obos/Desktop/Track-D-Truck/server/services/dataOptimation/helpers/bcrypt.js": {"path":"/home/obos/Desktop/Track-D-Truck/server/services/dataOptimation/helpers/bcrypt.js","statementMap":{"0":{"start":{"line":1,"column":15},"end":{"line":1,"column":32}},"1":{"start":{"line":2,"column":19},"end":{"line":2,"column":21}},"2":{"start":{"line":4,"column":17},"end":{"line":8,"column":1}},"3":{"start":{"line":5,"column":17},"end":{"line":5,"column":47}},"4":{"start":{"line":6,"column":17},"end":{"line":6,"column":48}},"5":{"start":{"line":7,"column":4},"end":{"line":7,"column":15}},"6":{"start":{"line":10,"column":20},"end":{"line":12,"column":1}},"7":{"start":{"line":11,"column":4},"end":{"line":11,"column":49}},"8":{"start":{"line":14,"column":0},"end":{"line":14,"column":40}}},"fnMap":{"0":{"name":"(anonymous_0)","decl":{"start":{"line":4,"column":17},"end":{"line":4,"column":18}},"loc":{"start":{"line":4,"column":31},"end":{"line":8,"column":1}},"line":4},"1":{"name":"(anonymous_1)","decl":{"start":{"line":10,"column":20},"end":{"line":10,"column":21}},"loc":{"start":{"line":10,"column":44},"end":{"line":12,"column":1}},"line":10}},"branchMap":{},"s":{"0":3,"1":3,"2":3,"3":5,"4":5,"5":5,"6":3,"7":1,"8":3},"f":{"0":5,"1":1},"b":{},"_coverageSchema":"1a1c01bbd47fc00a2c39e90264f33305004495a9","hash":"f60d851299cc9cf9c0ddf8fd939e0c5a78cb9be5"}
,"/home/obos/Desktop/Track-D-Truck/server/services/dataOptimation/helpers/factorial.js": {"path":"/home/obos/Desktop/Track-D-Truck/server/services/dataOptimation/helpers/factorial.js","statementMap":{"0":{"start":{"line":2,"column":2},"end":{"line":6,"column":3}},"1":{"start":{"line":3,"column":4},"end":{"line":3,"column":13}},"2":{"start":{"line":5,"column":4},"end":{"line":5,"column":32}},"3":{"start":{"line":9,"column":0},"end":{"line":9,"column":27}}},"fnMap":{"0":{"name":"factorial","decl":{"start":{"line":1,"column":9},"end":{"line":1,"column":18}},"loc":{"start":{"line":1,"column":22},"end":{"line":7,"column":1}},"line":1}},"branchMap":{"0":{"loc":{"start":{"line":2,"column":2},"end":{"line":6,"column":3}},"type":"if","locations":[{"start":{"line":2,"column":2},"end":{"line":6,"column":3}},{"start":{"line":2,"column":2},"end":{"line":6,"column":3}}],"line":2}},"s":{"0":0,"1":0,"2":0,"3":3},"f":{"0":0},"b":{"0":[0,0]},"_coverageSchema":"1a1c01bbd47fc00a2c39e90264f33305004495a9","hash":"eac599028da5c076f89ddc155620983db229322c"}
,"/home/obos/Desktop/Track-D-Truck/server/services/dataOptimation/helpers/jwt.js": {"path":"/home/obos/Desktop/Track-D-Truck/server/services/dataOptimation/helpers/jwt.js","statementMap":{"0":{"start":{"line":1,"column":12},"end":{"line":1,"column":35}},"1":{"start":{"line":2,"column":15},"end":{"line":2,"column":32}},"2":{"start":{"line":4,"column":15},"end":{"line":4,"column":47}},"3":{"start":{"line":4,"column":25},"end":{"line":4,"column":47}},"4":{"start":{"line":6,"column":15},"end":{"line":6,"column":51}},"5":{"start":{"line":6,"column":26},"end":{"line":6,"column":51}},"6":{"start":{"line":9,"column":0},"end":{"line":9,"column":33}}},"fnMap":{"0":{"name":"(anonymous_0)","decl":{"start":{"line":4,"column":15},"end":{"line":4,"column":16}},"loc":{"start":{"line":4,"column":25},"end":{"line":4,"column":47}},"line":4},"1":{"name":"(anonymous_1)","decl":{"start":{"line":6,"column":15},"end":{"line":6,"column":16}},"loc":{"start":{"line":6,"column":26},"end":{"line":6,"column":51}},"line":6}},"branchMap":{},"s":{"0":3,"1":3,"2":3,"3":5,"4":3,"5":29,"6":3},"f":{"0":5,"1":29},"b":{},"_coverageSchema":"1a1c01bbd47fc00a2c39e90264f33305004495a9","hash":"9d6155c8a4a4767230eccab50afcf2c9331daed6"}
,"/home/obos/Desktop/Track-D-Truck/server/services/dataOptimation/helpers/lexicographic.js": {"path":"/home/obos/Desktop/Track-D-Truck/server/services/dataOptimation/helpers/lexicographic.js","statementMap":{"0":{"start":{"line":1,"column":13},"end":{"line":1,"column":30}},"1":{"start":{"line":6,"column":17},"end":{"line":6,"column":19}},"2":{"start":{"line":7,"column":2},"end":{"line":11,"column":3}},"3":{"start":{"line":7,"column":15},"end":{"line":7,"column":16}},"4":{"start":{"line":8,"column":4},"end":{"line":10,"column":5}},"5":{"start":{"line":9,"column":6},"end":{"line":9,"column":19}},"6":{"start":{"line":13,"column":2},"end":{"line":15,"column":3}},"7":{"start":{"line":14,"column":6},"end":{"line":14,"column":18}},"8":{"start":{"line":17,"column":17},"end":{"line":17,"column":19}},"9":{"start":{"line":18,"column":2},"end":{"line":22,"column":3}},"10":{"start":{"line":18,"column":15},"end":{"line":18,"column":16}},"11":{"start":{"line":19,"column":4},"end":{"line":21,"column":5}},"12":{"start":{"line":20,"column":6},"end":{"line":20,"column":19}},"13":{"start":{"line":24,"column":20},"end":{"line":24,"column":51}},"14":{"start":{"line":26,"column":17},"end":{"line":26,"column":49}},"15":{"start":{"line":27,"column":2},"end":{"line":27,"column":21}},"16":{"start":{"line":28,"column":2},"end":{"line":28,"column":45}},"17":{"start":{"line":30,"column":2},"end":{"line":30,"column":20}},"18":{"start":{"line":33,"column":0},"end":{"line":33,"column":27}}},"fnMap":{"0":{"name":"nextOrder","decl":{"start":{"line":4,"column":9},"end":{"line":4,"column":18}},"loc":{"start":{"line":4,"column":26},"end":{"line":31,"column":1}},"line":4}},"branchMap":{"0":{"loc":{"start":{"line":8,"column":4},"end":{"line":10,"column":5}},"type":"if","locations":[{"start":{"line":8,"column":4},"end":{"line":10,"column":5}},{"start":{"line":8,"column":4},"end":{"line":10,"column":5}}],"line":8},"1":{"loc":{"start":{"line":13,"column":2},"end":{"line":15,"column":3}},"type":"if","locations":[{"start":{"line":13,"column":2},"end":{"line":15,"column":3}},{"start":{"line":13,"column":2},"end":{"line":15,"column":3}}],"line":13},"2":{"loc":{"start":{"line":19,"column":4},"end":{"line":21,"column":5}},"type":"if","locations":[{"start":{"line":19,"column":4},"end":{"line":21,"column":5}},{"start":{"line":19,"column":4},"end":{"line":21,"column":5}}],"line":19}},"s":{"0":3,"1":0,"2":0,"3":0,"4":0,"5":0,"6":0,"7":0,"8":0,"9":0,"10":0,"11":0,"12":0,"13":0,"14":0,"15":0,"16":0,"17":0,"18":3},"f":{"0":0},"b":{"0":[0,0],"1":[0,0],"2":[0,0]},"_coverageSchema":"1a1c01bbd47fc00a2c39e90264f33305004495a9","hash":"bff1bd9480905140402844a7f3f285c4b548a883"}
,"/home/obos/Desktop/Track-D-Truck/server/services/dataOptimation/helpers/swap.js": {"path":"/home/obos/Desktop/Track-D-Truck/server/services/dataOptimation/helpers/swap.js","statementMap":{"0":{"start":{"line":2,"column":15},"end":{"line":2,"column":23}},"1":{"start":{"line":3,"column":4},"end":{"line":3,"column":24}},"2":{"start":{"line":4,"column":4},"end":{"line":4,"column":20}},"3":{"start":{"line":6,"column":4},"end":{"line":6,"column":16}},"4":{"start":{"line":9,"column":2},"end":{"line":9,"column":23}}},"fnMap":{"0":{"name":"swap","decl":{"start":{"line":1,"column":9},"end":{"line":1,"column":13}},"loc":{"start":{"line":1,"column":27},"end":{"line":7,"column":3}},"line":1}},"branchMap":{},"s":{"0":0,"1":0,"2":0,"3":0,"4":3},"f":{"0":0},"b":{},"_coverageSchema":"1a1c01bbd47fc00a2c39e90264f33305004495a9","hash":"36b65bedc969c7c9a495eeae65c2b99e55899197"}
,"/home/obos/Desktop/Track-D-Truck/server/services/dataOptimation/middlewares/auth.js": {"path":"/home/obos/Desktop/Track-D-Truck/server/services/dataOptimation/middlewares/auth.js","statementMap":{"0":{"start":{"line":1,"column":17},"end":{"line":1,"column":37}},"1":{"start":{"line":2,"column":17},"end":{"line":2,"column":42}},"2":{"start":{"line":4,"column":23},"end":{"line":19,"column":1}},"3":{"start":{"line":5,"column":23},"end":{"line":5,"column":47}},"4":{"start":{"line":7,"column":21},"end":{"line":7,"column":41}},"5":{"start":{"line":8,"column":4},"end":{"line":8,"column":27}},"6":{"start":{"line":9,"column":4},"end":{"line":18,"column":6}},"7":{"start":{"line":12,"column":8},"end":{"line":14,"column":9}},"8":{"start":{"line":13,"column":12},"end":{"line":13,"column":18}},"9":{"start":{"line":17,"column":8},"end":{"line":17,"column":17}},"10":{"start":{"line":21,"column":22},"end":{"line":33,"column":1}},"11":{"start":{"line":22,"column":16},"end":{"line":26,"column":5}},"12":{"start":{"line":27,"column":21},"end":{"line":27,"column":36}},"13":{"start":{"line":28,"column":4},"end":{"line":32,"column":5}},"14":{"start":{"line":29,"column":8},"end":{"line":29,"column":14}},"15":{"start":{"line":31,"column":8},"end":{"line":31,"column":19}},"16":{"start":{"line":35,"column":0},"end":{"line":35,"column":48}}},"fnMap":{"0":{"name":"(anonymous_0)","decl":{"start":{"line":4,"column":23},"end":{"line":4,"column":24}},"loc":{"start":{"line":4,"column":43},"end":{"line":19,"column":1}},"line":4},"1":{"name":"(anonymous_1)","decl":{"start":{"line":10,"column":10},"end":{"line":10,"column":11}},"loc":{"start":{"line":10,"column":20},"end":{"line":15,"column":5}},"line":10},"2":{"name":"(anonymous_2)","decl":{"start":{"line":16,"column":11},"end":{"line":16,"column":12}},"loc":{"start":{"line":16,"column":18},"end":{"line":18,"column":5}},"line":16},"3":{"name":"(anonymous_3)","decl":{"start":{"line":21,"column":22},"end":{"line":21,"column":23}},"loc":{"start":{"line":21,"column":42},"end":{"line":33,"column":1}},"line":21}},"branchMap":{"0":{"loc":{"start":{"line":12,"column":8},"end":{"line":14,"column":9}},"type":"if","locations":[{"start":{"line":12,"column":8},"end":{"line":14,"column":9}},{"start":{"line":12,"column":8},"end":{"line":14,"column":9}}],"line":12},"1":{"loc":{"start":{"line":28,"column":4},"end":{"line":32,"column":5}},"type":"if","locations":[{"start":{"line":28,"column":4},"end":{"line":32,"column":5}},{"start":{"line":28,"column":4},"end":{"line":32,"column":5}}],"line":28}},"s":{"0":3,"1":3,"2":3,"3":29,"4":29,"5":22,"6":22,"7":22,"8":5,"9":0,"10":3,"11":5,"12":5,"13":5,"14":3,"15":2,"16":3},"f":{"0":29,"1":22,"2":0,"3":5},"b":{"0":[5,17],"1":[3,2]},"_coverageSchema":"1a1c01bbd47fc00a2c39e90264f33305004495a9","hash":"6808598b33fb57dd6ca5598f1c329159e053f63a"}
,"/home/obos/Desktop/Track-D-Truck/server/services/dataOptimation/middlewares/errHandler.js": {"path":"/home/obos/Desktop/Track-D-Truck/server/services/dataOptimation/middlewares/errHandler.js","statementMap":{"0":{"start":{"line":1,"column":10},"end":{"line":1,"column":28}},"1":{"start":{"line":2,"column":24},"end":{"line":2,"column":41}},"2":{"start":{"line":4,"column":14},"end":{"line":24,"column":1}},"3":{"start":{"line":5,"column":21},"end":{"line":5,"column":24}},"4":{"start":{"line":6,"column":18},"end":{"line":6,"column":41}},"5":{"start":{"line":9,"column":4},"end":{"line":21,"column":5}},"6":{"start":{"line":10,"column":8},"end":{"line":10,"column":24}},"7":{"start":{"line":11,"column":8},"end":{"line":11,"column":71}},"8":{"start":{"line":12,"column":11},"end":{"line":21,"column":5}},"9":{"start":{"line":13,"column":8},"end":{"line":13,"column":48}},"10":{"start":{"line":13,"column":38},"end":{"line":13,"column":47}},"11":{"start":{"line":14,"column":8},"end":{"line":14,"column":24}},"12":{"start":{"line":15,"column":11},"end":{"line":21,"column":5}},"13":{"start":{"line":16,"column":8},"end":{"line":16,"column":35}},"14":{"start":{"line":17,"column":8},"end":{"line":17,"column":29}},"15":{"start":{"line":18,"column":11},"end":{"line":21,"column":5}},"16":{"start":{"line":19,"column":8},"end":{"line":19,"column":24}},"17":{"start":{"line":20,"column":8},"end":{"line":20,"column":53}},"18":{"start":{"line":23,"column":4},"end":{"line":23,"column":49}},"19":{"start":{"line":26,"column":0},"end":{"line":26,"column":22}}},"fnMap":{"0":{"name":"(anonymous_0)","decl":{"start":{"line":4,"column":14},"end":{"line":4,"column":15}},"loc":{"start":{"line":4,"column":39},"end":{"line":24,"column":1}},"line":4},"1":{"name":"(anonymous_1)","decl":{"start":{"line":13,"column":33},"end":{"line":13,"column":34}},"loc":{"start":{"line":13,"column":38},"end":{"line":13,"column":47}},"line":13}},"branchMap":{"0":{"loc":{"start":{"line":9,"column":4},"end":{"line":21,"column":5}},"type":"if","locations":[{"start":{"line":9,"column":4},"end":{"line":21,"column":5}},{"start":{"line":9,"column":4},"end":{"line":21,"column":5}}],"line":9},"1":{"loc":{"start":{"line":12,"column":11},"end":{"line":21,"column":5}},"type":"if","locations":[{"start":{"line":12,"column":11},"end":{"line":21,"column":5}},{"start":{"line":12,"column":11},"end":{"line":21,"column":5}}],"line":12},"2":{"loc":{"start":{"line":15,"column":11},"end":{"line":21,"column":5}},"type":"if","locations":[{"start":{"line":15,"column":11},"end":{"line":21,"column":5}},{"start":{"line":15,"column":11},"end":{"line":21,"column":5}}],"line":15},"3":{"loc":{"start":{"line":18,"column":11},"end":{"line":21,"column":5}},"type":"if","locations":[{"start":{"line":18,"column":11},"end":{"line":21,"column":5}},{"start":{"line":18,"column":11},"end":{"line":21,"column":5}}],"line":18}},"s":{"0":3,"1":3,"2":3,"3":13,"4":13,"5":13,"6":0,"7":0,"8":13,"9":1,"10":3,"11":1,"12":12,"13":3,"14":3,"15":9,"16":7,"17":7,"18":13,"19":3},"f":{"0":13,"1":3},"b":{"0":[0,13],"1":[1,12],"2":[3,9],"3":[7,2]},"_coverageSchema":"1a1c01bbd47fc00a2c39e90264f33305004495a9","hash":"96e95a92f2cbe8c797b2578357c9366e938e5ee6"}
,"/home/obos/Desktop/Track-D-Truck/server/services/dataOptimation/models/driver.js": {"path":"/home/obos/Desktop/Track-D-Truck/server/services/dataOptimation/models/driver.js","statementMap":{"0":{"start":{"line":5,"column":4},"end":{"line":5,"column":24}},"1":{"start":{"line":6,"column":19},"end":{"line":6,"column":47}},"2":{"start":{"line":7,"column":0},"end":{"line":95,"column":2}},"3":{"start":{"line":18,"column":6},"end":{"line":18,"column":33}},"4":{"start":{"line":21,"column":2},"end":{"line":93,"column":5}},"5":{"start":{"line":88,"column":8},"end":{"line":88,"column":51}},"6":{"start":{"line":94,"column":2},"end":{"line":94,"column":16}}},"fnMap":{"0":{"name":"(anonymous_0)","decl":{"start":{"line":7,"column":17},"end":{"line":7,"column":18}},"loc":{"start":{"line":7,"column":43},"end":{"line":95,"column":1}},"line":7},"1":{"name":"(anonymous_1)","decl":{"start":{"line":16,"column":4},"end":{"line":16,"column":5}},"loc":{"start":{"line":16,"column":29},"end":{"line":19,"column":5}},"line":16},"2":{"name":"(anonymous_2)","decl":{"start":{"line":87,"column":6},"end":{"line":87,"column":7}},"loc":{"start":{"line":87,"column":27},"end":{"line":89,"column":7}},"line":87}},"branchMap":{},"s":{"0":3,"1":3,"2":3,"3":3,"4":3,"5":5,"6":3},"f":{"0":3,"1":3,"2":5},"b":{},"_coverageSchema":"1a1c01bbd47fc00a2c39e90264f33305004495a9","hash":"1aa54e61ed6e527cb5baee6292c44b187e79c3b8"}
,"/home/obos/Desktop/Track-D-Truck/server/services/dataOptimation/models/index.js": {"path":"/home/obos/Desktop/Track-D-Truck/server/services/dataOptimation/models/index.js","statementMap":{"0":{"start":{"line":3,"column":11},"end":{"line":3,"column":24}},"1":{"start":{"line":4,"column":13},"end":{"line":4,"column":28}},"2":{"start":{"line":5,"column":18},"end":{"line":5,"column":38}},"3":{"start":{"line":6,"column":17},"end":{"line":6,"column":42}},"4":{"start":{"line":7,"column":12},"end":{"line":7,"column":49}},"5":{"start":{"line":8,"column":15},"end":{"line":8,"column":65}},"6":{"start":{"line":9,"column":11},"end":{"line":9,"column":13}},"7":{"start":{"line":12,"column":0},"end":{"line":16,"column":1}},"8":{"start":{"line":13,"column":2},"end":{"line":13,"column":74}},"9":{"start":{"line":15,"column":2},"end":{"line":15,"column":87}},"10":{"start":{"line":18,"column":0},"end":{"line":26,"column":5}},"11":{"start":{"line":21,"column":4},"end":{"line":21,"column":90}},"12":{"start":{"line":24,"column":18},"end":{"line":24,"column":85}},"13":{"start":{"line":25,"column":4},"end":{"line":25,"column":27}},"14":{"start":{"line":28,"column":0},"end":{"line":32,"column":3}},"15":{"start":{"line":29,"column":2},"end":{"line":31,"column":3}},"16":{"start":{"line":30,"column":4},"end":{"line":30,"column":32}},"17":{"start":{"line":34,"column":0},"end":{"line":34,"column":25}},"18":{"start":{"line":35,"column":0},"end":{"line":35,"column":25}},"19":{"start":{"line":37,"column":0},"end":{"line":37,"column":20}}},"fnMap":{"0":{"name":"(anonymous_0)","decl":{"start":{"line":20,"column":10},"end":{"line":20,"column":11}},"loc":{"start":{"line":20,"column":18},"end":{"line":22,"column":3}},"line":20},"1":{"name":"(anonymous_1)","decl":{"start":{"line":23,"column":11},"end":{"line":23,"column":12}},"loc":{"start":{"line":23,"column":19},"end":{"line":26,"column":3}},"line":23},"2":{"name":"(anonymous_2)","decl":{"start":{"line":28,"column":24},"end":{"line":28,"column":25}},"loc":{"start":{"line":28,"column":37},"end":{"line":32,"column":1}},"line":28}},"branchMap":{"0":{"loc":{"start":{"line":7,"column":12},"end":{"line":7,"column":49}},"type":"binary-expr","locations":[{"start":{"line":7,"column":12},"end":{"line":7,"column":32}},{"start":{"line":7,"column":36},"end":{"line":7,"column":49}}],"line":7},"1":{"loc":{"start":{"line":12,"column":0},"end":{"line":16,"column":1}},"type":"if","locations":[{"start":{"line":12,"column":0},"end":{"line":16,"column":1}},{"start":{"line":12,"column":0},"end":{"line":16,"column":1}}],"line":12},"2":{"loc":{"start":{"line":21,"column":11},"end":{"line":21,"column":89}},"type":"binary-expr","locations":[{"start":{"line":21,"column":12},"end":{"line":21,"column":35}},{"start":{"line":21,"column":41},"end":{"line":21,"column":58}},{"start":{"line":21,"column":64},"end":{"line":21,"column":88}}],"line":21},"3":{"loc":{"start":{"line":29,"column":2},"end":{"line":31,"column":3}},"type":"if","locations":[{"start":{"line":29,"column":2},"end":{"line":31,"column":3}},{"start":{"line":29,"column":2},"end":{"line":31,"column":3}}],"line":29}},"s":{"0":3,"1":3,"2":3,"3":3,"4":3,"5":3,"6":3,"7":3,"8":0,"9":3,"10":3,"11":12,"12":9,"13":9,"14":3,"15":9,"16":9,"17":3,"18":3,"19":3},"f":{"0":12,"1":9,"2":9},"b":{"0":[3,0],"1":[0,3],"2":[12,12,9],"3":[9,0]},"_coverageSchema":"1a1c01bbd47fc00a2c39e90264f33305004495a9","hash":"a30b90977d6461d8749cd6e119ed658bc7e70b02"}
,"/home/obos/Desktop/Track-D-Truck/server/services/dataOptimation/models/tpstorage.js": {"path":"/home/obos/Desktop/Track-D-Truck/server/services/dataOptimation/models/tpstorage.js","statementMap":{"0":{"start":{"line":4,"column":4},"end":{"line":4,"column":24}},"1":{"start":{"line":5,"column":0},"end":{"line":27,"column":2}},"2":{"start":{"line":16,"column":2},"end":{"line":25,"column":5}},"3":{"start":{"line":26,"column":2},"end":{"line":26,"column":19}}},"fnMap":{"0":{"name":"(anonymous_0)","decl":{"start":{"line":5,"column":17},"end":{"line":5,"column":18}},"loc":{"start":{"line":5,"column":43},"end":{"line":27,"column":1}},"line":5},"1":{"name":"(anonymous_1)","decl":{"start":{"line":12,"column":4},"end":{"line":12,"column":5}},"loc":{"start":{"line":12,"column":29},"end":{"line":14,"column":5}},"line":12}},"branchMap":{},"s":{"0":3,"1":3,"2":3,"3":3},"f":{"0":3,"1":3},"b":{},"_coverageSchema":"1a1c01bbd47fc00a2c39e90264f33305004495a9","hash":"4b58d4c257222b19435467638128d7936372d3d9"}
,"/home/obos/Desktop/Track-D-Truck/server/services/dataOptimation/models/truck.js": {"path":"/home/obos/Desktop/Track-D-Truck/server/services/dataOptimation/models/truck.js","statementMap":{"0":{"start":{"line":4,"column":4},"end":{"line":4,"column":24}},"1":{"start":{"line":5,"column":0},"end":{"line":29,"column":2}},"2":{"start":{"line":14,"column":6},"end":{"line":14,"column":36}},"3":{"start":{"line":17,"column":2},"end":{"line":27,"column":5}},"4":{"start":{"line":28,"column":2},"end":{"line":28,"column":15}}},"fnMap":{"0":{"name":"(anonymous_0)","decl":{"start":{"line":5,"column":17},"end":{"line":5,"column":18}},"loc":{"start":{"line":5,"column":43},"end":{"line":29,"column":1}},"line":5},"1":{"name":"(anonymous_1)","decl":{"start":{"line":12,"column":4},"end":{"line":12,"column":5}},"loc":{"start":{"line":12,"column":29},"end":{"line":15,"column":5}},"line":12}},"branchMap":{},"s":{"0":3,"1":3,"2":3,"3":3,"4":3},"f":{"0":3,"1":3},"b":{},"_coverageSchema":"1a1c01bbd47fc00a2c39e90264f33305004495a9","hash":"45170ccaa6394dc4a9d000fe2ad9f8dc34313303"}
,"/home/obos/Desktop/Track-D-Truck/server/services/dataOptimation/routes/index.js": {"path":"/home/obos/Desktop/Track-D-Truck/server/services/dataOptimation/routes/index.js","statementMap":{"0":{"start":{"line":1,"column":15},"end":{"line":1,"column":42}},"1":{"start":{"line":2,"column":20},"end":{"line":2,"column":38}},"2":{"start":{"line":3,"column":18},"end":{"line":3,"column":34}},"3":{"start":{"line":4,"column":40},"end":{"line":4,"column":70}},"4":{"start":{"line":5,"column":25},"end":{"line":5,"column":48}},"5":{"start":{"line":6,"column":25},"end":{"line":6,"column":56}},"6":{"start":{"line":9,"column":0},"end":{"line":11,"column":2}},"7":{"start":{"line":10,"column":4},"end":{"line":10,"column":58}},"8":{"start":{"line":13,"column":0},"end":{"line":13,"column":51}},"9":{"start":{"line":14,"column":0},"end":{"line":14,"column":45}},"10":{"start":{"line":15,"column":0},"end":{"line":15,"column":26}},"11":{"start":{"line":16,"column":0},"end":{"line":16,"column":25}},"12":{"start":{"line":17,"column":0},"end":{"line":17,"column":44}},"13":{"start":{"line":18,"column":0},"end":{"line":18,"column":45}},"14":{"start":{"line":19,"column":0},"end":{"line":19,"column":34}},"15":{"start":{"line":20,"column":0},"end":{"line":20,"column":29}},"16":{"start":{"line":22,"column":0},"end":{"line":22,"column":23}}},"fnMap":{"0":{"name":"(anonymous_0)","decl":{"start":{"line":9,"column":16},"end":{"line":9,"column":17}},"loc":{"start":{"line":9,"column":28},"end":{"line":11,"column":1}},"line":9}},"branchMap":{},"s":{"0":3,"1":3,"2":3,"3":3,"4":3,"5":3,"6":3,"7":0,"8":3,"9":3,"10":3,"11":3,"12":3,"13":3,"14":3,"15":3,"16":3},"f":{"0":0},"b":{},"_coverageSchema":"1a1c01bbd47fc00a2c39e90264f33305004495a9","hash":"7935ccf733abce4b3fe6ef95383bad80fd3c19ba"}
,"/home/obos/Desktop/Track-D-Truck/server/services/dataOptimation/routes/optimation.js": {"path":"/home/obos/Desktop/Track-D-Truck/server/services/dataOptimation/routes/optimation.js","statementMap":{"0":{"start":{"line":1,"column":25},"end":{"line":1,"column":52}},"1":{"start":{"line":2,"column":29},"end":{"line":2,"column":66}},"2":{"start":{"line":4,"column":0},"end":{"line":6,"column":2}},"3":{"start":{"line":5,"column":4},"end":{"line":5,"column":52}},"4":{"start":{"line":8,"column":0},"end":{"line":8,"column":56}},"5":{"start":{"line":11,"column":0},"end":{"line":11,"column":33}}},"fnMap":{"0":{"name":"(anonymous_0)","decl":{"start":{"line":4,"column":26},"end":{"line":4,"column":27}},"loc":{"start":{"line":4,"column":46},"end":{"line":6,"column":1}},"line":4}},"branchMap":{},"s":{"0":3,"1":3,"2":3,"3":0,"4":3,"5":3},"f":{"0":0},"b":{},"_coverageSchema":"1a1c01bbd47fc00a2c39e90264f33305004495a9","hash":"aa8dfad6a1e134930f1195adb6a30c5c952a5b5c"}
,"/home/obos/Desktop/Track-D-Truck/server/services/dataOptimation/routes/tps.js": {"path":"/home/obos/Desktop/Track-D-Truck/server/services/dataOptimation/routes/tps.js","statementMap":{"0":{"start":{"line":1,"column":15},"end":{"line":1,"column":42}},"1":{"start":{"line":2,"column":22},"end":{"line":2,"column":51}},"2":{"start":{"line":4,"column":0},"end":{"line":4,"column":35}},"3":{"start":{"line":5,"column":0},"end":{"line":5,"column":35}},"4":{"start":{"line":6,"column":0},"end":{"line":6,"column":38}},"5":{"start":{"line":7,"column":0},"end":{"line":7,"column":38}},"6":{"start":{"line":8,"column":0},"end":{"line":8,"column":43}},"7":{"start":{"line":11,"column":0},"end":{"line":11,"column":23}}},"fnMap":{},"branchMap":{},"s":{"0":3,"1":3,"2":3,"3":3,"4":3,"5":3,"6":3,"7":3},"f":{},"b":{},"_coverageSchema":"1a1c01bbd47fc00a2c39e90264f33305004495a9","hash":"e199b8ca729b2e6a053e71738c98dcfd6541f4a7"}
,"/home/obos/Desktop/Track-D-Truck/server/services/dataOptimation/routes/truck.js": {"path":"/home/obos/Desktop/Track-D-Truck/server/services/dataOptimation/routes/truck.js","statementMap":{"0":{"start":{"line":1,"column":15},"end":{"line":1,"column":42}},"1":{"start":{"line":2,"column":24},"end":{"line":2,"column":56}},"2":{"start":{"line":4,"column":0},"end":{"line":4,"column":37}},"3":{"start":{"line":5,"column":0},"end":{"line":5,"column":37}},"4":{"start":{"line":6,"column":0},"end":{"line":6,"column":40}},"5":{"start":{"line":7,"column":0},"end":{"line":7,"column":40}},"6":{"start":{"line":8,"column":0},"end":{"line":8,"column":45}},"7":{"start":{"line":11,"column":0},"end":{"line":11,"column":23}}},"fnMap":{},"branchMap":{},"s":{"0":3,"1":3,"2":3,"3":3,"4":3,"5":3,"6":3,"7":3},"f":{},"b":{},"_coverageSchema":"1a1c01bbd47fc00a2c39e90264f33305004495a9","hash":"055bfb2b2c23c196747458d390624af32ced1121"}
}
