TN:
SF:controllers/Users.js
FN:17,(anonymous_0)
FN:19,(anonymous_1)
FN:22,(anonymous_2)
FN:27,(anonymous_3)
FN:37,(anonymous_4)
FN:49,(anonymous_5)
FN:53,(anonymous_6)
FN:59,(anonymous_7)
FN:68,(anonymous_8)
FN:77,(anonymous_9)
FNF:10
FNH:7
FNDA:0,(anonymous_0)
FNDA:0,(anonymous_1)
FNDA:0,(anonymous_2)
FNDA:2,(anonymous_3)
FNDA:1,(anonymous_4)
FNDA:1,(anonymous_5)
FNDA:1,(anonymous_6)
FNDA:2,(anonymous_7)
FNDA:2,(anonymous_8)
FNDA:1,(anonymous_9)
DA:1,1
DA:2,1
DA:3,1
DA:4,1
DA:6,1
DA:18,0
DA:20,0
DA:23,0
DA:28,2
DA:36,2
DA:38,1
DA:41,1
DA:48,1
DA:50,1
DA:54,1
DA:55,1
DA:60,2
DA:61,2
DA:67,2
DA:69,2
DA:70,1
DA:71,1
DA:72,1
DA:74,1
DA:78,1
DA:79,1
DA:84,1
LF:27
LH:24
BRDA:33,0,0,2
BRDA:33,0,1,1
BRDA:69,1,0,1
BRDA:69,1,1,1
BRDA:69,2,0,2
BRDA:69,2,1,1
BRF:6
BRH:6
end_of_record
TN:
SF:helpers/bcrypt.js
FN:4,(anonymous_0)
FN:10,(anonymous_1)
FNF:2
FNH:2
FNDA:1,(anonymous_0)
FNDA:1,(anonymous_1)
DA:1,1
DA:2,1
DA:4,1
DA:5,1
DA:6,1
DA:7,1
DA:10,1
DA:11,1
DA:14,1
LF:9
LH:9
BRF:0
BRH:0
end_of_record
TN:
SF:models/driver.js
FN:7,(anonymous_0)
FN:16,(anonymous_1)
FN:87,(anonymous_2)
FNF:3
FNH:3
FNDA:1,(anonymous_0)
FNDA:1,(anonymous_1)
FNDA:1,(anonymous_2)
DA:5,1
DA:6,1
DA:7,1
DA:18,1
DA:21,1
DA:88,1
DA:94,1
LF:7
LH:7
BRF:0
BRH:0
end_of_record
TN:
SF:models/tpstorage.js
FN:5,(anonymous_0)
FN:12,(anonymous_1)
FNF:2
FNH:2
FNDA:1,(anonymous_0)
FNDA:1,(anonymous_1)
DA:4,1
DA:5,1
DA:16,1
DA:26,1
LF:4
LH:4
BRF:0
BRH:0
end_of_record
TN:
SF:models/truck.js
FN:5,(anonymous_0)
FN:12,(anonymous_1)
FNF:2
FNH:2
FNDA:1,(anonymous_0)
FNDA:1,(anonymous_1)
DA:4,1
DA:5,1
DA:14,1
DA:17,1
DA:28,1
LF:5
LH:5
BRF:0
BRH:0
end_of_record
TN:
SF:routes/tps.js
FNF:0
FNH:0
DA:1,1
DA:2,1
DA:4,1
DA:5,1
DA:6,1
DA:7,1
DA:8,1
DA:11,1
LF:8
LH:8
BRF:0
BRH:0
end_of_record
TN:
SF:routes/truck.js
FNF:0
FNH:0
DA:1,1
DA:2,1
DA:4,1
DA:5,1
DA:6,1
DA:7,1
DA:8,1
DA:11,1
LF:8
LH:8
BRF:0
BRH:0
end_of_record
